<?xml version="1.0" encoding="UTF-8"?>
<!-- Generated by org.testng.reporters.JUnitReportReporter -->
<testsuite hostname="LAPTOP-V6VACEO9" failures="0" tests="13" name="com.mindtree.runner.BigSmall" time="119.052" errors="0" timestamp="2021-11-22T22:30:28 IST" skipped="0">
  <testcase classname="com.mindtree.runner.BigSmall" name="runScenario" time="9.682"/>
  <testcase classname="com.mindtree.runner.BigSmall" name="runScenario" time="7.530"/>
  <testcase classname="com.mindtree.runner.BigSmall" name="runScenario" time="14.255"/>
  <testcase classname="com.mindtree.runner.BigSmall" name="runScenario" time="4.708"/>
  <testcase classname="com.mindtree.runner.BigSmall" name="runScenario" time="7.933"/>
  <testcase classname="com.mindtree.runner.BigSmall" name="runScenario" time="7.907"/>
  <testcase classname="com.mindtree.runner.BigSmall" name="runScenario" time="7.186"/>
  <testcase classname="com.mindtree.runner.BigSmall" name="runScenario" time="7.496"/>
  <testcase classname="com.mindtree.runner.BigSmall" name="runScenario" time="13.299"/>
  <testcase classname="com.mindtree.runner.BigSmall" name="runScenario" time="1.971"/>
  <testcase classname="com.mindtree.runner.BigSmall" name="runScenario" time="9.217"/>
  <testcase classname="com.mindtree.runner.BigSmall" name="runScenario" time="10.434"/>
  <testcase classname="com.mindtree.runner.BigSmall" name="runScenario" time="17.434"/>
</testsuite> <!-- com.mindtree.runner.BigSmall -->
